<?xml version="1.0" encoding="UTF-8"?>
<!-- Generated by org.testng.reporters.JUnitReportReporter -->
<testsuite hostname="DESKTOP-F84M1HR" failures="0" tests="2" name="com.BDD.cucumber.practice.RunnerPractice3" time="81.053" errors="0" timestamp="2024-05-25T19:20:55 EDT" skipped="0">
  <testcase classname="com.BDD.cucumber.practice.RunnerPractice3" name="runScenario" time="81.046"/>
  <system-out/>
  <testcase classname="com.BDD.cucumber.practice.RunnerPractice3" name="test1" time="0.007"/>
  <system-out/>
</testsuite> <!-- com.BDD.cucumber.practice.RunnerPractice3 -->
