<?xml version="1.0" encoding="UTF-8"?>
<!-- Generated by org.testng.reporters.JUnitReportReporter -->
<testsuite hostname="DESKTOP-F84M1HR" failures="0" tests="1" name="com.Regression.TestRunWithTestngLogin3" time="0.023" errors="0" timestamp="2024-04-28T12:17:45 EDT" skipped="0">
  <testcase classname="com.Regression.TestRunWithTestngLogin3" name="getLogin" time="0.023"/>
  <system-out/>
</testsuite> <!-- com.Regression.TestRunWithTestngLogin3 -->
