<?xml version="1.0" encoding="UTF-8"?>
<!-- Generated by org.testng.reporters.JUnitReportReporter -->
<testsuite hostname="DESKTOP-F84M1HR" failures="0" tests="3" name="com.TestNG.Practice.TestNgPractice" time="0.036" errors="0" timestamp="2024-05-02T19:51:18 EDT" skipped="0">
  <testcase classname="com.TestNG.Practice.TestNgPractice" name="getPayment" time="0.011"/>
  <system-out/>
  <testcase classname="com.TestNG.Practice.TestNgPractice" name="getLogin" time="0.019"/>
  <system-out/>
  <testcase classname="com.TestNG.Practice.TestNgPractice" name="getProduct" time="0.006"/>
  <system-out/>
</testsuite> <!-- com.TestNG.Practice.TestNgPractice -->
