<?xml version="1.0" encoding="UTF-8"?>
<!-- Generated by org.testng.reporters.JUnitReportReporter -->
<testsuite hostname="DESKTOP-F84M1HR" failures="0" tests="3" name="com.Regression.TestRunWithTestngFunctionalTest3" time="0.029" errors="0" timestamp="2024-04-28T11:49:03 EDT" skipped="0">
  <testcase classname="com.Regression.TestRunWithTestngFunctionalTest3" name="getLogin" time="0.015"/>
  <system-out/>
  <testcase classname="com.Regression.TestRunWithTestngFunctionalTest3" name="getPayment" time="0.004"/>
  <system-out/>
  <testcase classname="com.Regression.TestRunWithTestngFunctionalTest3" name="getProduct" time="0.010"/>
  <system-out/>
</testsuite> <!-- com.Regression.TestRunWithTestngFunctionalTest3 -->
